<?xml version="1.0" encoding="UTF-8"?>
<!-- Generated by org.testng.reporters.JUnitReportReporter -->
<testsuite hostname="DESKTOP-VRBAL0D" failures="0" tests="1" name="com.synechron.testcases.DashboardPageTest" time="16.806" errors="0" timestamp="2022-12-09T12:20:50 IST" skipped="0">
  <testcase classname="com.synechron.testcases.DashboardPageTest" name="validateQuickLaunchSectionTest" time="16.806"/>
  <system-out/>
</testsuite> <!-- com.synechron.testcases.DashboardPageTest -->
