<?xml version="1.0" encoding="UTF-8"?>
<!-- Generated by org.testng.reporters.JUnitReportReporter -->
<testsuite hostname="DESKTOP-VRBAL0D" failures="0" tests="1" name="com.synechron.testcases.LoginPageTest" time="70.338" errors="0" timestamp="2022-12-09T14:22:57 IST" skipped="0">
  <testcase classname="com.synechron.testcases.LoginPageTest" name="validateLoginTest" time="70.338"/>
  <system-out/>
</testsuite> <!-- com.synechron.testcases.LoginPageTest -->
